<?xml version="1.0" encoding="UTF-8"?><testrun name="RunTest (1)" project="sicredi-automation-web" tests="6" started="6" failures="0" errors="2" ignored="0">
  <testsuite name="br.com.sicredi.automation_web.tests.RunTest" time="7.148">
    <testsuite name="Funcionalidade: Efetuar Login/Logout no Woop - Sicredi" time="7.148">
      <testsuite name="Cenario: Acessar o link Esqueci minha senha" time="7.148" incomplete="true">
        <error>org.openqa.selenium.TimeoutException: Expected condition failed: waiting for visibility of [[ChromeDriver: chrome on XP (bc92907a0852446c5b2819a46f5b5cf0)] -&gt; class name: ng-star-inserted] (tried for 5 second(s) with 10 milliseconds interval)
Build info: version: '3.11.0', revision: 'e59cfb3', time: '2018-03-11T20:26:55.152Z'
System info: host: 'LAPTOP-QJBDT5L8', ip: '192.168.56.1', os.name: 'Windows 10', os.arch: 'amd64', os.version: '10.0', java.version: '1.8.0_161'
Driver info: driver.version: unknown&#13;
	at org.openqa.selenium.support.ui.FluentWait.timeoutException(FluentWait.java:303)&#13;
	at org.openqa.selenium.support.ui.FluentWait.until(FluentWait.java:271)&#13;
	at br.com.sicredi.automation_web.pages.BasePage.waitElement(BasePage.java:84)&#13;
	at br.com.sicredi.automation_web.pages.selenium.WoopHomePage.infoRecuperacaoDeSenha(WoopHomePage.java:72)&#13;
	at br.com.sicredi.automation_web.steps.selenium.WoopHomePageSteps.infoRecuperacaoDeSenha(WoopHomePageSteps.java:80)&#13;
	at ✽.Entao devo ser informado de que recebi um e-mail de recuperacao de senha(features/Login.feature:32)&#13;
&#13;
</error>
        <testcase name="Dado que estou na HomePage do Woop" classname="Cenario: Acessar o link Esqueci minha senha" time="0.674"/>
        <testcase name="Quando clico no botao Login" classname="Cenario: Acessar o link Esqueci minha senha" time="0.478"/>
        <testcase name="E clico em Esqueci minha senha" classname="Cenario: Acessar o link Esqueci minha senha" time="0.503"/>
        <testcase name="E preencho o campo E-mail" classname="Cenario: Acessar o link Esqueci minha senha" time="0.46"/>
        <testcase name="E clico no botao Enviar" classname="Cenario: Acessar o link Esqueci minha senha" time="5.031"/>
        <testcase name="Entao devo ser informado de que recebi um e-mail de recuperacao de senha" classname="Cenario: Acessar o link Esqueci minha senha" time="0.001">
          <error>org.openqa.selenium.TimeoutException: Expected condition failed: waiting for visibility of [[ChromeDriver: chrome on XP (bc92907a0852446c5b2819a46f5b5cf0)] -&gt; class name: ng-star-inserted] (tried for 5 second(s) with 10 milliseconds interval)
Build info: version: '3.11.0', revision: 'e59cfb3', time: '2018-03-11T20:26:55.152Z'
System info: host: 'LAPTOP-QJBDT5L8', ip: '192.168.56.1', os.name: 'Windows 10', os.arch: 'amd64', os.version: '10.0', java.version: '1.8.0_161'
Driver info: driver.version: unknown&#13;
	at org.openqa.selenium.support.ui.FluentWait.timeoutException(FluentWait.java:303)&#13;
	at org.openqa.selenium.support.ui.FluentWait.until(FluentWait.java:271)&#13;
	at br.com.sicredi.automation_web.pages.BasePage.waitElement(BasePage.java:84)&#13;
	at br.com.sicredi.automation_web.pages.selenium.WoopHomePage.infoRecuperacaoDeSenha(WoopHomePage.java:72)&#13;
	at br.com.sicredi.automation_web.steps.selenium.WoopHomePageSteps.infoRecuperacaoDeSenha(WoopHomePageSteps.java:80)&#13;
	at ✽.Entao devo ser informado de que recebi um e-mail de recuperacao de senha(features/Login.feature:32)&#13;
&#13;
</error>
        </testcase>
      </testsuite>
    </testsuite>
  </testsuite>
</testrun>
